Using pre-set license
Built from '2021.3/staging' branch; Version is '2021.3.6f1 (7da38d85baf6) revision 8233869'; Using compiler version '192829333'; Build Type 'Release'
OS: 'Windows 10  (10.0.19044) 64bit Professional' Language: 'en' Physical Memory: 16316 MB
BatchMode: 1, IsHumanControllingUs: 0, StartBugReporterOnCrash: 0, Is64bit: 1, IsPro: 1

COMMAND LINE ARGUMENTS:
C:\Program Files\Unity 2021.3.6f1\Editor\Unity.exe
-adb2
-batchMode
-noUpm
-name
AssetImportWorker3
-projectPath
C:/Users/touko/Documents/UnityProjects/GMTKGameJam
-logFile
Logs/AssetImportWorker3.log
-srvPort
52720
Successfully changed project path to: C:/Users/touko/Documents/UnityProjects/GMTKGameJam
C:/Users/touko/Documents/UnityProjects/GMTKGameJam
[UnityMemory] Configuration Parameters - Can be set up in boot.config
    "memorysetup-bucket-allocator-granularity=16"
    "memorysetup-bucket-allocator-bucket-count=8"
    "memorysetup-bucket-allocator-block-size=33554432"
    "memorysetup-bucket-allocator-block-count=8"
    "memorysetup-main-allocator-block-size=16777216"
    "memorysetup-thread-allocator-block-size=16777216"
    "memorysetup-gfx-main-allocator-block-size=16777216"
    "memorysetup-gfx-thread-allocator-block-size=16777216"
    "memorysetup-cache-allocator-block-size=4194304"
    "memorysetup-typetree-allocator-block-size=2097152"
    "memorysetup-profiler-bucket-allocator-granularity=16"
    "memorysetup-profiler-bucket-allocator-bucket-count=8"
    "memorysetup-profiler-bucket-allocator-block-size=33554432"
    "memorysetup-profiler-bucket-allocator-block-count=8"
    "memorysetup-profiler-allocator-block-size=16777216"
    "memorysetup-profiler-editor-allocator-block-size=1048576"
    "memorysetup-temp-allocator-size-main=16777216"
    "memorysetup-job-temp-allocator-block-size=2097152"
    "memorysetup-job-temp-allocator-block-size-background=1048576"
    "memorysetup-job-temp-allocator-reduction-small-platforms=262144"
    "memorysetup-temp-allocator-size-background-worker=32768"
    "memorysetup-temp-allocator-size-job-worker=262144"
    "memorysetup-temp-allocator-size-preload-manager=33554432"
    "memorysetup-temp-allocator-size-nav-mesh-worker=65536"
    "memorysetup-temp-allocator-size-audio-worker=65536"
    "memorysetup-temp-allocator-size-cloud-worker=32768"
    "memorysetup-temp-allocator-size-gi-baking-worker=262144"
    "memorysetup-temp-allocator-size-gfx=262144"
Refreshing native plugins compatible for Editor in 129.03 ms, found 3 plugins.
Preloading 0 native plugins for Editor in 0.00 ms.
Initialize engine version: 2021.3.6f1 (7da38d85baf6)
[Subsystems] Discovering subsystems at path C:/Program Files/Unity 2021.3.6f1/Editor/Data/Resources/UnitySubsystems
[Subsystems] Discovering subsystems at path C:/Users/touko/Documents/UnityProjects/GMTKGameJam/Assets
GfxDevice: creating device client; threaded=0; jobified=0
Direct3D:
    Version:  Direct3D 11.0 [level 11.1]
    Renderer: NVIDIA GeForce RTX 3070 Ti (ID=0x2482)
    Vendor:   NVIDIA
    VRAM:     8041 MB
    Driver:   31.0.15.1659
Initialize mono
Mono path[0] = 'C:/Program Files/Unity 2021.3.6f1/Editor/Data/Managed'
Mono path[1] = 'C:/Program Files/Unity 2021.3.6f1/Editor/Data/MonoBleedingEdge/lib/mono/unityjit-win32'
Mono config path = 'C:/Program Files/Unity 2021.3.6f1/Editor/Data/MonoBleedingEdge/etc'
Using monoOptions --debugger-agent=transport=dt_socket,embedding=1,server=y,suspend=n,address=127.0.0.1:56612
Begin MonoManager ReloadAssembly
Registering precompiled unity dll's ...
Register platform support module: C:/Program Files/Unity 2021.3.6f1/Editor/Data/PlaybackEngines/WindowsStandaloneSupport/UnityEditor.WindowsStandalone.Extensions.dll
Registered in 0.007375 seconds.
Native extension for WindowsStandalone target not found
Refreshing native plugins compatible for Editor in 105.94 ms, found 3 plugins.
Preloading 0 native plugins for Editor in 0.00 ms.
Mono: successfully reloaded assembly
- Completed reload, in  0.760 seconds
Domain Reload Profiling:
	ReloadAssembly (761ms)
		BeginReloadAssembly (143ms)
			ExecutionOrderSort (0ms)
			DisableScriptedObjects (0ms)
			BackupInstance (0ms)
			ReleaseScriptingObjects (0ms)
			CreateAndSetChildDomain (1ms)
		EndReloadAssembly (473ms)
			LoadAssemblies (129ms)
			RebuildTransferFunctionScriptingTraits (0ms)
			SetupTypeCache (95ms)
			ReleaseScriptCaches (0ms)
			RebuildScriptCaches (24ms)
			SetupLoadedEditorAssemblies (279ms)
				LogAssemblyErrors (0ms)
				InitializePlatformSupportModulesInManaged (7ms)
				SetLoadedEditorAssemblies (0ms)
				RefreshPlugins (106ms)
				BeforeProcessingInitializeOnLoad (1ms)
				ProcessInitializeOnLoadAttributes (122ms)
				ProcessInitializeOnLoadMethodAttributes (43ms)
				AfterProcessingInitializeOnLoad (0ms)
				EditorAssembliesLoaded (0ms)
			ExecutionOrderSort2 (0ms)
			AwakeInstancesAfterBackupRestoration (0ms)
Platform modules already initialized, skipping
Registering precompiled user dll's ...
Registered in 0.014631 seconds.
Begin MonoManager ReloadAssembly
Symbol file LoadedFromMemory doesn't match image C:\Users\touko\Documents\UnityProjects\GMTKGameJam\Library\PackageCache\com.unity.visualscripting@1.7.8\Editor\VisualScripting.Core\Dependencies\YamlDotNet\Unity.VisualScripting.YamlDotNet.dll
Symbol file LoadedFromMemory doesn't match image C:\Users\touko\Documents\UnityProjects\GMTKGameJam\Library\PackageCache\com.unity.visualscripting@1.7.8\Editor\VisualScripting.Core\Dependencies\DotNetZip\Unity.VisualScripting.IonicZip.dll
Native extension for WindowsStandalone target not found
Refreshing native plugins compatible for Editor in 122.03 ms, found 3 plugins.
Preloading 0 native plugins for Editor in 0.00 ms.
Mono: successfully reloaded assembly
- Completed reload, in  1.510 seconds
Domain Reload Profiling:
	ReloadAssembly (1511ms)
		BeginReloadAssembly (182ms)
			ExecutionOrderSort (0ms)
			DisableScriptedObjects (5ms)
			BackupInstance (0ms)
			ReleaseScriptingObjects (0ms)
			CreateAndSetChildDomain (17ms)
		EndReloadAssembly (1174ms)
			LoadAssemblies (184ms)
			RebuildTransferFunctionScriptingTraits (0ms)
			SetupTypeCache (291ms)
			ReleaseScriptCaches (1ms)
			RebuildScriptCaches (63ms)
			SetupLoadedEditorAssemblies (629ms)
				LogAssemblyErrors (0ms)
				InitializePlatformSupportModulesInManaged (5ms)
				SetLoadedEditorAssemblies (0ms)
				RefreshPlugins (122ms)
				BeforeProcessingInitializeOnLoad (149ms)
				ProcessInitializeOnLoadAttributes (239ms)
				ProcessInitializeOnLoadMethodAttributes (80ms)
				AfterProcessingInitializeOnLoad (33ms)
				EditorAssembliesLoaded (0ms)
			ExecutionOrderSort2 (0ms)
			AwakeInstancesAfterBackupRestoration (8ms)
Platform modules already initialized, skipping
========================================================================
Worker process is ready to serve import requests
Launched and connected shader compiler UnityShaderCompiler.exe after 0.06 seconds
Refreshing native plugins compatible for Editor in 1.18 ms, found 3 plugins.
Preloading 0 native plugins for Editor in 0.00 ms.
Unloading 5110 Unused Serialized files (Serialized files now loaded: 0)
Unloading 37 unused Assets / (0.7 MB). Loaded Objects now: 5559.
Memory consumption went from 196.6 MB to 195.8 MB.
Total: 3.735900 ms (FindLiveObjects: 0.477600 ms CreateObjectMapping: 0.151100 ms MarkObjects: 2.796400 ms  DeleteObjects: 0.309600 ms)

AssetImportParameters requested are different than current active one (requested -> active):
  custom:video-decoder-ogg-theora: a1e56fd34408186e4bbccfd4996cb3dc -> 
  custom:container-muxer-webm: aa71ff27fc2769a1b78a27578f13a17b -> 
  custom:container-demuxer-webm: 4f35f7cbe854078d1ac9338744f61a02 -> 
  custom:video-encoder-webm-vp8: eb34c28f22e8b96e1ab97ce403110664 -> 
  custom:audio-encoder-webm-vorbis: bf7c407c2cedff20999df2af8eb42d56 -> 
  custom:framework-win-MediaFoundation: 216162199b28c13a410421893ffa2e32 -> 
  custom:container-demuxer-ogg: 62fdf1f143b41e24485cea50d1cbac27 -> 
  custom:video-decoder-webm-vp8: 9c59270c3fd7afecdb556c50c9e8de78 -> 
  custom:audio-decoder-ogg-vorbis: bf7c407c2cedff20999df2af8eb42d56 -> 
========================================================================
Received Import Request.
  Time since last request: 12470.412438 seconds.
  path: Assets/art/UniversalR.asset
  artifactKey: Guid(de34f4fc39a0b6d49a1458734573802a) Importer(815301076,1909f56bfc062723c751e8b465ee728b)
Start importing Assets/art/UniversalR.asset using Guid(de34f4fc39a0b6d49a1458734573802a) Importer(815301076,1909f56bfc062723c751e8b465ee728b)  -> (artifact id: '919463654850deb4abad39328cd136e8') in 0.103955 seconds 
========================================================================
Received Prepare
Refreshing native plugins compatible for Editor in 105.03 ms, found 3 plugins.
Preloading 0 native plugins for Editor in 0.00 ms.
Unloading 78 Unused Serialized files (Serialized files now loaded: 0)
Unloading 30 unused Assets / (0.7 MB). Loaded Objects now: 5607.
Memory consumption went from 93.8 MB to 93.1 MB.
Total: 4.375600 ms (FindLiveObjects: 0.493800 ms CreateObjectMapping: 0.157900 ms MarkObjects: 3.365300 ms  DeleteObjects: 0.357800 ms)

AssetImportParameters requested are different than current active one (requested -> active):
  custom:video-decoder-ogg-theora: a1e56fd34408186e4bbccfd4996cb3dc -> 
  custom:container-muxer-webm: aa71ff27fc2769a1b78a27578f13a17b -> 
  custom:container-demuxer-webm: 4f35f7cbe854078d1ac9338744f61a02 -> 
  custom:video-encoder-webm-vp8: eb34c28f22e8b96e1ab97ce403110664 -> 
  custom:audio-encoder-webm-vorbis: bf7c407c2cedff20999df2af8eb42d56 -> 
  custom:framework-win-MediaFoundation: 216162199b28c13a410421893ffa2e32 -> 
  custom:container-demuxer-ogg: 62fdf1f143b41e24485cea50d1cbac27 -> 
  custom:video-decoder-webm-vp8: 9c59270c3fd7afecdb556c50c9e8de78 -> 
  custom:audio-decoder-ogg-vorbis: bf7c407c2cedff20999df2af8eb42d56 -> 
========================================================================
Received Import Request.
  Time since last request: 1455.623658 seconds.
  path: Assets/art/URP/UniversalR.asset
  artifactKey: Guid(de34f4fc39a0b6d49a1458734573802a) Importer(815301076,1909f56bfc062723c751e8b465ee728b)
Start importing Assets/art/URP/UniversalR.asset using Guid(de34f4fc39a0b6d49a1458734573802a) Importer(815301076,1909f56bfc062723c751e8b465ee728b)  -> (artifact id: 'adb899b67261f41dd46076f37e869f71') in 0.012211 seconds 
========================================================================
Received Import Request.
  Time since last request: 261.139680 seconds.
  path: Assets/art/Materials/White.mat
  artifactKey: Guid(bf91ad7e17f1c08439b72376de837679) Importer(815301076,1909f56bfc062723c751e8b465ee728b)
Start importing Assets/art/Materials/White.mat using Guid(bf91ad7e17f1c08439b72376de837679) Importer(815301076,1909f56bfc062723c751e8b465ee728b)  -> (artifact id: '2691b359849443152bb06f835c4dc442') in 1.368354 seconds 
========================================================================
Received Import Request.
  Time since last request: 41.861988 seconds.
  path: Assets/art/exports/cars.fbx
  artifactKey: Guid(ece7b5cd604111b40b3436366520067f) Importer(815301076,1909f56bfc062723c751e8b465ee728b)
Start importing Assets/art/exports/cars.fbx using Guid(ece7b5cd604111b40b3436366520067f) Importer(815301076,1909f56bfc062723c751e8b465ee728b)  -> (artifact id: '70da62ee3c8857ded85b94110e9cb158') in 2.442519 seconds 
========================================================================
Received Import Request.
  Time since last request: 0.000029 seconds.
  path: Assets/art/exports/robotRig.fbx
  artifactKey: Guid(330add3c5c53c90459749e32d3a65759) Importer(815301076,1909f56bfc062723c751e8b465ee728b)
Start importing Assets/art/exports/robotRig.fbx using Guid(330add3c5c53c90459749e32d3a65759) Importer(815301076,1909f56bfc062723c751e8b465ee728b)  -> (artifact id: '5d2216c3960b0037ae0fa0e0653f4353') in 0.711323 seconds 
========================================================================
Received Import Request.
  Time since last request: 0.000039 seconds.
  path: Assets/art/exports/robot.fbx
  artifactKey: Guid(5d249980addd6a44f993e5471ddd4168) Importer(815301076,1909f56bfc062723c751e8b465ee728b)
Start importing Assets/art/exports/robot.fbx using Guid(5d249980addd6a44f993e5471ddd4168) Importer(815301076,1909f56bfc062723c751e8b465ee728b)  -> (artifact id: '2efc64b3382e0ca7ecc238fb3b00ab0d') in 0.705072 seconds 
========================================================================
Received Import Request.
  Time since last request: 0.000032 seconds.
  path: Assets/art/exports/dice.fbx
  artifactKey: Guid(859d80f4f54e22a479e7f5d45308e07f) Importer(815301076,1909f56bfc062723c751e8b465ee728b)
Start importing Assets/art/exports/dice.fbx using Guid(859d80f4f54e22a479e7f5d45308e07f) Importer(815301076,1909f56bfc062723c751e8b465ee728b)  -> (artifact id: '1d7814f5cd88a8d9425206de9f726036') in 0.040899 seconds 
========================================================================
Received Import Request.
  Time since last request: 38.026191 seconds.
  path: Assets/art/Materials/White 1.mat
  artifactKey: Guid(dfd6c72d9276cb44ab36653cf687d15d) Importer(815301076,1909f56bfc062723c751e8b465ee728b)
Start importing Assets/art/Materials/White 1.mat using Guid(dfd6c72d9276cb44ab36653cf687d15d) Importer(815301076,1909f56bfc062723c751e8b465ee728b)  -> (artifact id: '731671d94fde6cf85862608427a8e732') in 0.022948 seconds 
========================================================================
Received Import Request.
  Time since last request: 9.288598 seconds.
  path: Assets/art/blender/buildings.blend
  artifactKey: Guid(267d68dd99200124ebc3d3068162ac9d) Importer(815301076,1909f56bfc062723c751e8b465ee728b)
Start importing Assets/art/blender/buildings.blend using Guid(267d68dd99200124ebc3d3068162ac9d) Importer(815301076,1909f56bfc062723c751e8b465ee728b)  -> (artifact id: 'd378df952bcdd5f66840927ab6d71407') in 2.510562 seconds 
========================================================================
Received Import Request.
  Time since last request: 0.000038 seconds.
  path: Assets/art/blender/container.blend
  artifactKey: Guid(920020087af4467408c9ed37713f4c1d) Importer(815301076,1909f56bfc062723c751e8b465ee728b)
Start importing Assets/art/blender/container.blend using Guid(920020087af4467408c9ed37713f4c1d) Importer(815301076,1909f56bfc062723c751e8b465ee728b)  -> (artifact id: '2fc15336069bf967a0dc702fc6a42cce') in 0.106755 seconds 
========================================================================
Received Import Request.
  Time since last request: 0.000041 seconds.
  path: Assets/art/blender/dice.blend
  artifactKey: Guid(3e3d6d0885ee856419b90f56dfce6334) Importer(815301076,1909f56bfc062723c751e8b465ee728b)
Start importing Assets/art/blender/dice.blend using Guid(3e3d6d0885ee856419b90f56dfce6334) Importer(815301076,1909f56bfc062723c751e8b465ee728b)  -> (artifact id: '1f6292423b18f321b8cfbeae22fb6300') in 0.049287 seconds 
========================================================================
Received Import Request.
  Time since last request: 0.000026 seconds.
  path: Assets/art/blender/robot.blend
  artifactKey: Guid(1710ca29d3666544aa5b76e141e03c16) Importer(815301076,1909f56bfc062723c751e8b465ee728b)
Start importing Assets/art/blender/robot.blend using Guid(1710ca29d3666544aa5b76e141e03c16) Importer(815301076,1909f56bfc062723c751e8b465ee728b)  -> (artifact id: 'f01d1ca36adf612cd70a95dc52c13afc') in 0.806930 seconds 
========================================================================
Received Import Request.
  Time since last request: 0.000032 seconds.
  path: Assets/art/blender/rifle.blend
  artifactKey: Guid(8f0ff1648f7bd4745bdce794bf6b42b0) Importer(815301076,1909f56bfc062723c751e8b465ee728b)
Start importing Assets/art/blender/rifle.blend using Guid(8f0ff1648f7bd4745bdce794bf6b42b0) Importer(815301076,1909f56bfc062723c751e8b465ee728b)  -> (artifact id: '4461fdfa988ceacd0e934e7bd3170dd6') in 0.135473 seconds 
========================================================================
Received Import Request.
  Time since last request: 0.000041 seconds.
  path: Assets/art/blender/robotTest.blend
  artifactKey: Guid(e81f1d961da20d747bc00377324d88e8) Importer(815301076,1909f56bfc062723c751e8b465ee728b)
Start importing Assets/art/blender/robotTest.blend using Guid(e81f1d961da20d747bc00377324d88e8) Importer(815301076,1909f56bfc062723c751e8b465ee728b)  -> (artifact id: '80c6e72c5011a7e27de99374ceba385f') in 0.065161 seconds 
========================================================================
Received Import Request.
  Time since last request: 0.000027 seconds.
  path: Assets/art/blender/smallObjects.blend
  artifactKey: Guid(c45304ef2634d2340bb0ffa1c6589618) Importer(815301076,1909f56bfc062723c751e8b465ee728b)
Start importing Assets/art/blender/smallObjects.blend using Guid(c45304ef2634d2340bb0ffa1c6589618) Importer(815301076,1909f56bfc062723c751e8b465ee728b)  -> (artifact id: '48b4d9ff417acccc2e9810db4d567a68') in 0.121624 seconds 
========================================================================
Received Prepare
Registering precompiled user dll's ...
Registered in 0.018225 seconds.
Begin MonoManager ReloadAssembly
Symbol file LoadedFromMemory doesn't match image C:\Users\touko\Documents\UnityProjects\GMTKGameJam\Library\PackageCache\com.unity.visualscripting@1.7.8\Editor\VisualScripting.Core\Dependencies\YamlDotNet\Unity.VisualScripting.YamlDotNet.dll
Symbol file LoadedFromMemory doesn't match image C:\Users\touko\Documents\UnityProjects\GMTKGameJam\Library\PackageCache\com.unity.visualscripting@1.7.8\Editor\VisualScripting.Core\Dependencies\DotNetZip\Unity.VisualScripting.IonicZip.dll
Native extension for WindowsStandalone target not found
Refreshing native plugins compatible for Editor in 1.55 ms, found 3 plugins.
Preloading 0 native plugins for Editor in 0.00 ms.
Mono: successfully reloaded assembly
- Completed reload, in  1.580 seconds
Domain Reload Profiling:
	ReloadAssembly (1580ms)
		BeginReloadAssembly (256ms)
			ExecutionOrderSort (0ms)
			DisableScriptedObjects (7ms)
			BackupInstance (0ms)
			ReleaseScriptingObjects (0ms)
			CreateAndSetChildDomain (49ms)
		EndReloadAssembly (1162ms)
			LoadAssemblies (194ms)
			RebuildTransferFunctionScriptingTraits (0ms)
			SetupTypeCache (325ms)
			ReleaseScriptCaches (2ms)
			RebuildScriptCaches (50ms)
			SetupLoadedEditorAssemblies (545ms)
				LogAssemblyErrors (0ms)
				InitializePlatformSupportModulesInManaged (13ms)
				SetLoadedEditorAssemblies (1ms)
				RefreshPlugins (2ms)
				BeforeProcessingInitializeOnLoad (133ms)
				ProcessInitializeOnLoadAttributes (254ms)
				ProcessInitializeOnLoadMethodAttributes (100ms)
				AfterProcessingInitializeOnLoad (44ms)
				EditorAssembliesLoaded (0ms)
			ExecutionOrderSort2 (0ms)
			AwakeInstancesAfterBackupRestoration (19ms)
Platform modules already initialized, skipping
Refreshing native plugins compatible for Editor in 2.79 ms, found 3 plugins.
Preloading 0 native plugins for Editor in 0.00 ms.
Unloading 5044 Unused Serialized files (Serialized files now loaded: 0)
Unloading 31 unused Assets / (0.7 MB). Loaded Objects now: 5699.
Memory consumption went from 214.4 MB to 213.7 MB.
Total: 4.702800 ms (FindLiveObjects: 0.504700 ms CreateObjectMapping: 0.147000 ms MarkObjects: 3.363700 ms  DeleteObjects: 0.686200 ms)

AssetImportParameters requested are different than current active one (requested -> active):
  custom:video-decoder-ogg-theora: a1e56fd34408186e4bbccfd4996cb3dc -> 
  custom:container-muxer-webm: aa71ff27fc2769a1b78a27578f13a17b -> 
  custom:container-demuxer-webm: 4f35f7cbe854078d1ac9338744f61a02 -> 
  custom:video-encoder-webm-vp8: eb34c28f22e8b96e1ab97ce403110664 -> 
  custom:audio-encoder-webm-vorbis: bf7c407c2cedff20999df2af8eb42d56 -> 
  custom:framework-win-MediaFoundation: 216162199b28c13a410421893ffa2e32 -> 
  custom:container-demuxer-ogg: 62fdf1f143b41e24485cea50d1cbac27 -> 
  custom:video-decoder-webm-vp8: 9c59270c3fd7afecdb556c50c9e8de78 -> 
  custom:audio-decoder-ogg-vorbis: bf7c407c2cedff20999df2af8eb42d56 -> 
Editor requested this worker to shutdown with reason: Scaling down because of idle timeout
AssetImportWorker is now disconnected from the server
Process exiting
Exiting without the bug reporter. Application will terminate with return code 0